[2023-02-02 01:12:03] production.ERROR: SQLSTATE[HY000] [1045] Access denied for user 'forge'@'localhost' (using password: NO) (SQL: insert into `admins` (`address`, `avatar`, `class`, `email`, `level`, `name`, `password`, `phone`) values (TP.HN, 2022-11-21__a.png, D13CNPM4, hieu016286@gmail.com, 1, Admin, $2y$10$Vq.Kw1EJKQ/PgeJaMhIOsOzCPN6pg0e9FJtCSjvGpAxZLrCZNmPzu, 0328698912), (TP.HN, ?, D13CNPM4, staff@gmail.com, 2, Staff, $2y$10$zAwljgAXDG/UMpT9SxQNme.KSUl0K/antcr1gAktU3zxY/0sHP/GO, 0333333333)) {"url":"http://localhost","input":[]} 
[2023-02-02 01:12:03] production.ERROR: SQLSTATE[HY000] [1045] Access denied for user 'forge'@'localhost' (using password: NO) (SQL: insert into `admins` (`address`, `avatar`, `class`, `email`, `level`, `name`, `password`, `phone`) values (TP.HN, 2022-11-21__a.png, D13CNPM4, hieu016286@gmail.com, 1, Admin, $2y$10$Vq.Kw1EJKQ/PgeJaMhIOsOzCPN6pg0e9FJtCSjvGpAxZLrCZNmPzu, 0328698912), (TP.HN, ?, D13CNPM4, staff@gmail.com, 2, Staff, $2y$10$zAwljgAXDG/UMpT9SxQNme.KSUl0K/antcr1gAktU3zxY/0sHP/GO, 0333333333)) {"exception":"[object] (Illuminate\\Database\\QueryException(code: 1045): SQLSTATE[HY000] [1045] Access denied for user 'forge'@'localhost' (using password: NO) (SQL: insert into `admins` (`address`, `avatar`, `class`, `email`, `level`, `name`, `password`, `phone`) values (TP.HN, 2022-11-21__a.png, D13CNPM4, hieu016286@gmail.com, 1, Admin, $2y$10$Vq.Kw1EJKQ/PgeJaMhIOsOzCPN6pg0e9FJtCSjvGpAxZLrCZNmPzu, 0328698912), (TP.HN, ?, D13CNPM4, staff@gmail.com, 2, Staff, $2y$10$zAwljgAXDG/UMpT9SxQNme.KSUl0K/antcr1gAktU3zxY/0sHP/GO, 0333333333)) at E:\\Do_An_Tot_Nghiep\\do_an_hieu\\vendor\\laravel\\framework\\src\\Illuminate\\Database\\Connection.php:669)
[stacktrace]
#0 E:\\Do_An_Tot_Nghiep\\do_an_hieu\\vendor\\laravel\\framework\\src\\Illuminate\\Database\\Connection.php(629): Illuminate\\Database\\Connection->runQueryCallback('insert into `ad...', Array, Object(Closure))
#1 E:\\Do_An_Tot_Nghiep\\do_an_hieu\\vendor\\laravel\\framework\\src\\Illuminate\\Database\\Connection.php(464): Illuminate\\Database\\Connection->run('insert into `ad...', Array, Object(Closure))
#2 E:\\Do_An_Tot_Nghiep\\do_an_hieu\\vendor\\laravel\\framework\\src\\Illuminate\\Database\\Connection.php(416): Illuminate\\Database\\Connection->statement('insert into `ad...', Array)
#3 E:\\Do_An_Tot_Nghiep\\do_an_hieu\\vendor\\laravel\\framework\\src\\Illuminate\\Database\\Query\\Builder.php(2661): Illuminate\\Database\\Connection->insert('insert into `ad...', Array)
#4 E:\\Do_An_Tot_Nghiep\\do_an_hieu\\database\\seeds\\DatabaseSeeder.php(19): Illuminate\\Database\\Query\\Builder->insert(Array)
#5 E:\\Do_An_Tot_Nghiep\\do_an_hieu\\vendor\\laravel\\framework\\src\\Illuminate\\Container\\BoundMethod.php(36): DatabaseSeeder->run()
#6 E:\\Do_An_Tot_Nghiep\\do_an_hieu\\vendor\\laravel\\framework\\src\\Illuminate\\Container\\Util.php(37): Illuminate\\Container\\BoundMethod::Illuminate\\Container\\{closure}()
#7 E:\\Do_An_Tot_Nghiep\\do_an_hieu\\vendor\\laravel\\framework\\src\\Illuminate\\Container\\BoundMethod.php(93): Illuminate\\Container\\Util::unwrapIfClosure(Object(Closure))
#8 E:\\Do_An_Tot_Nghiep\\do_an_hieu\\vendor\\laravel\\framework\\src\\Illuminate\\Container\\BoundMethod.php(37): Illuminate\\Container\\BoundMethod::callBoundMethod(Object(Illuminate\\Foundation\\Application), Array, Object(Closure))
#9 E:\\Do_An_Tot_Nghiep\\do_an_hieu\\vendor\\laravel\\framework\\src\\Illuminate\\Container\\Container.php(590): Illuminate\\Container\\BoundMethod::call(Object(Illuminate\\Foundation\\Application), Array, Array, NULL)
#10 E:\\Do_An_Tot_Nghiep\\do_an_hieu\\vendor\\laravel\\framework\\src\\Illuminate\\Database\\Seeder.php(134): Illuminate\\Container\\Container->call(Array)
#11 E:\\Do_An_Tot_Nghiep\\do_an_hieu\\vendor\\laravel\\framework\\src\\Illuminate\\Database\\Console\\Seeds\\SeedCommand.php(63): Illuminate\\Database\\Seeder->__invoke()
#12 E:\\Do_An_Tot_Nghiep\\do_an_hieu\\vendor\\laravel\\framework\\src\\Illuminate\\Database\\Eloquent\\Concerns\\GuardsAttributes.php(129): Illuminate\\Database\\Console\\Seeds\\SeedCommand->Illuminate\\Database\\Console\\Seeds\\{closure}()
#13 E:\\Do_An_Tot_Nghiep\\do_an_hieu\\vendor\\laravel\\framework\\src\\Illuminate\\Database\\Console\\Seeds\\SeedCommand.php(64): Illuminate\\Database\\Eloquent\\Model::unguarded(Object(Closure))
#14 E:\\Do_An_Tot_Nghiep\\do_an_hieu\\vendor\\laravel\\framework\\src\\Illuminate\\Container\\BoundMethod.php(36): Illuminate\\Database\\Console\\Seeds\\SeedCommand->handle()
#15 E:\\Do_An_Tot_Nghiep\\do_an_hieu\\vendor\\laravel\\framework\\src\\Illuminate\\Container\\Util.php(37): Illuminate\\Container\\BoundMethod::Illuminate\\Container\\{closure}()
#16 E:\\Do_An_Tot_Nghiep\\do_an_hieu\\vendor\\laravel\\framework\\src\\Illuminate\\Container\\BoundMethod.php(93): Illuminate\\Container\\Util::unwrapIfClosure(Object(Closure))
#17 E:\\Do_An_Tot_Nghiep\\do_an_hieu\\vendor\\laravel\\framework\\src\\Illuminate\\Container\\BoundMethod.php(37): Illuminate\\Container\\BoundMethod::callBoundMethod(Object(Illuminate\\Foundation\\Application), Array, Object(Closure))
#18 E:\\Do_An_Tot_Nghiep\\do_an_hieu\\vendor\\laravel\\framework\\src\\Illuminate\\Container\\Container.php(590): Illuminate\\Container\\BoundMethod::call(Object(Illuminate\\Foundation\\Application), Array, Array, NULL)
#19 E:\\Do_An_Tot_Nghiep\\do_an_hieu\\vendor\\laravel\\framework\\src\\Illuminate\\Console\\Command.php(134): Illuminate\\Container\\Container->call(Array)
#20 E:\\Do_An_Tot_Nghiep\\do_an_hieu\\vendor\\symfony\\console\\Command\\Command.php(255): Illuminate\\Console\\Command->execute(Object(Symfony\\Component\\Console\\Input\\ArgvInput), Object(Illuminate\\Console\\OutputStyle))
#21 E:\\Do_An_Tot_Nghiep\\do_an_hieu\\vendor\\laravel\\framework\\src\\Illuminate\\Console\\Command.php(121): Symfony\\Component\\Console\\Command\\Command->run(Object(Symfony\\Component\\Console\\Input\\ArgvInput), Object(Illuminate\\Console\\OutputStyle))
#22 E:\\Do_An_Tot_Nghiep\\do_an_hieu\\vendor\\symfony\\console\\Application.php(1009): Illuminate\\Console\\Command->run(Object(Symfony\\Component\\Console\\Input\\ArgvInput), Object(Symfony\\Component\\Console\\Output\\ConsoleOutput))
#23 E:\\Do_An_Tot_Nghiep\\do_an_hieu\\vendor\\symfony\\console\\Application.php(273): Symfony\\Component\\Console\\Application->doRunCommand(Object(Illuminate\\Database\\Console\\Seeds\\SeedCommand), Object(Symfony\\Component\\Console\\Input\\ArgvInput), Object(Symfony\\Component\\Console\\Output\\ConsoleOutput))
#24 E:\\Do_An_Tot_Nghiep\\do_an_hieu\\vendor\\symfony\\console\\Application.php(149): Symfony\\Component\\Console\\Application->doRun(Object(Symfony\\Component\\Console\\Input\\ArgvInput), Object(Symfony\\Component\\Console\\Output\\ConsoleOutput))
#25 E:\\Do_An_Tot_Nghiep\\do_an_hieu\\vendor\\laravel\\framework\\src\\Illuminate\\Console\\Application.php(93): Symfony\\Component\\Console\\Application->run(Object(Symfony\\Component\\Console\\Input\\ArgvInput), Object(Symfony\\Component\\Console\\Output\\ConsoleOutput))
#26 E:\\Do_An_Tot_Nghiep\\do_an_hieu\\vendor\\laravel\\framework\\src\\Illuminate\\Foundation\\Console\\Kernel.php(131): Illuminate\\Console\\Application->run(Object(Symfony\\Component\\Console\\Input\\ArgvInput), Object(Symfony\\Component\\Console\\Output\\ConsoleOutput))
#27 E:\\Do_An_Tot_Nghiep\\do_an_hieu\\artisan(37): Illuminate\\Foundation\\Console\\Kernel->handle(Object(Symfony\\Component\\Console\\Input\\ArgvInput), Object(Symfony\\Component\\Console\\Output\\ConsoleOutput))
#28 {main}

[previous exception] [object] (PDOException(code: 1045): SQLSTATE[HY000] [1045] Access denied for user 'forge'@'localhost' (using password: NO) at E:\\Do_An_Tot_Nghiep\\do_an_hieu\\vendor\\laravel\\framework\\src\\Illuminate\\Database\\Connectors\\Connector.php:70)
[stacktrace]
#0 E:\\Do_An_Tot_Nghiep\\do_an_hieu\\vendor\\laravel\\framework\\src\\Illuminate\\Database\\Connectors\\Connector.php(70): PDO->__construct('mysql:host=127....', 'forge', '', Array)
#1 E:\\Do_An_Tot_Nghiep\\do_an_hieu\\vendor\\laravel\\framework\\src\\Illuminate\\Database\\Connectors\\Connector.php(46): Illuminate\\Database\\Connectors\\Connector->createPdoConnection('mysql:host=127....', 'forge', '', Array)
#2 E:\\Do_An_Tot_Nghiep\\do_an_hieu\\vendor\\laravel\\framework\\src\\Illuminate\\Database\\Connectors\\MySqlConnector.php(24): Illuminate\\Database\\Connectors\\Connector->createConnection('mysql:host=127....', Array, Array)
#3 E:\\Do_An_Tot_Nghiep\\do_an_hieu\\vendor\\laravel\\framework\\src\\Illuminate\\Database\\Connectors\\ConnectionFactory.php(182): Illuminate\\Database\\Connectors\\MySqlConnector->connect(Array)
#4 [internal function]: Illuminate\\Database\\Connectors\\ConnectionFactory->Illuminate\\Database\\Connectors\\{closure}()
#5 E:\\Do_An_Tot_Nghiep\\do_an_hieu\\vendor\\laravel\\framework\\src\\Illuminate\\Database\\Connection.php(924): call_user_func(Object(Closure))
#6 E:\\Do_An_Tot_Nghiep\\do_an_hieu\\vendor\\laravel\\framework\\src\\Illuminate\\Database\\Connection.php(457): Illuminate\\Database\\Connection->getPdo()
#7 E:\\Do_An_Tot_Nghiep\\do_an_hieu\\vendor\\laravel\\framework\\src\\Illuminate\\Database\\Connection.php(662): Illuminate\\Database\\Connection->Illuminate\\Database\\{closure}('insert into `ad...', Array)
#8 E:\\Do_An_Tot_Nghiep\\do_an_hieu\\vendor\\laravel\\framework\\src\\Illuminate\\Database\\Connection.php(629): Illuminate\\Database\\Connection->runQueryCallback('insert into `ad...', Array, Object(Closure))
#9 E:\\Do_An_Tot_Nghiep\\do_an_hieu\\vendor\\laravel\\framework\\src\\Illuminate\\Database\\Connection.php(464): Illuminate\\Database\\Connection->run('insert into `ad...', Array, Object(Closure))
#10 E:\\Do_An_Tot_Nghiep\\do_an_hieu\\vendor\\laravel\\framework\\src\\Illuminate\\Database\\Connection.php(416): Illuminate\\Database\\Connection->statement('insert into `ad...', Array)
#11 E:\\Do_An_Tot_Nghiep\\do_an_hieu\\vendor\\laravel\\framework\\src\\Illuminate\\Database\\Query\\Builder.php(2661): Illuminate\\Database\\Connection->insert('insert into `ad...', Array)
#12 E:\\Do_An_Tot_Nghiep\\do_an_hieu\\database\\seeds\\DatabaseSeeder.php(19): Illuminate\\Database\\Query\\Builder->insert(Array)
#13 E:\\Do_An_Tot_Nghiep\\do_an_hieu\\vendor\\laravel\\framework\\src\\Illuminate\\Container\\BoundMethod.php(36): DatabaseSeeder->run()
#14 E:\\Do_An_Tot_Nghiep\\do_an_hieu\\vendor\\laravel\\framework\\src\\Illuminate\\Container\\Util.php(37): Illuminate\\Container\\BoundMethod::Illuminate\\Container\\{closure}()
#15 E:\\Do_An_Tot_Nghiep\\do_an_hieu\\vendor\\laravel\\framework\\src\\Illuminate\\Container\\BoundMethod.php(93): Illuminate\\Container\\Util::unwrapIfClosure(Object(Closure))
#16 E:\\Do_An_Tot_Nghiep\\do_an_hieu\\vendor\\laravel\\framework\\src\\Illuminate\\Container\\BoundMethod.php(37): Illuminate\\Container\\BoundMethod::callBoundMethod(Object(Illuminate\\Foundation\\Application), Array, Object(Closure))
#17 E:\\Do_An_Tot_Nghiep\\do_an_hieu\\vendor\\laravel\\framework\\src\\Illuminate\\Container\\Container.php(590): Illuminate\\Container\\BoundMethod::call(Object(Illuminate\\Foundation\\Application), Array, Array, NULL)
#18 E:\\Do_An_Tot_Nghiep\\do_an_hieu\\vendor\\laravel\\framework\\src\\Illuminate\\Database\\Seeder.php(134): Illuminate\\Container\\Container->call(Array)
#19 E:\\Do_An_Tot_Nghiep\\do_an_hieu\\vendor\\laravel\\framework\\src\\Illuminate\\Database\\Console\\Seeds\\SeedCommand.php(63): Illuminate\\Database\\Seeder->__invoke()
#20 E:\\Do_An_Tot_Nghiep\\do_an_hieu\\vendor\\laravel\\framework\\src\\Illuminate\\Database\\Eloquent\\Concerns\\GuardsAttributes.php(129): Illuminate\\Database\\Console\\Seeds\\SeedCommand->Illuminate\\Database\\Console\\Seeds\\{closure}()
#21 E:\\Do_An_Tot_Nghiep\\do_an_hieu\\vendor\\laravel\\framework\\src\\Illuminate\\Database\\Console\\Seeds\\SeedCommand.php(64): Illuminate\\Database\\Eloquent\\Model::unguarded(Object(Closure))
#22 E:\\Do_An_Tot_Nghiep\\do_an_hieu\\vendor\\laravel\\framework\\src\\Illuminate\\Container\\BoundMethod.php(36): Illuminate\\Database\\Console\\Seeds\\SeedCommand->handle()
#23 E:\\Do_An_Tot_Nghiep\\do_an_hieu\\vendor\\laravel\\framework\\src\\Illuminate\\Container\\Util.php(37): Illuminate\\Container\\BoundMethod::Illuminate\\Container\\{closure}()
#24 E:\\Do_An_Tot_Nghiep\\do_an_hieu\\vendor\\laravel\\framework\\src\\Illuminate\\Container\\BoundMethod.php(93): Illuminate\\Container\\Util::unwrapIfClosure(Object(Closure))
#25 E:\\Do_An_Tot_Nghiep\\do_an_hieu\\vendor\\laravel\\framework\\src\\Illuminate\\Container\\BoundMethod.php(37): Illuminate\\Container\\BoundMethod::callBoundMethod(Object(Illuminate\\Foundation\\Application), Array, Object(Closure))
#26 E:\\Do_An_Tot_Nghiep\\do_an_hieu\\vendor\\laravel\\framework\\src\\Illuminate\\Container\\Container.php(590): Illuminate\\Container\\BoundMethod::call(Object(Illuminate\\Foundation\\Application), Array, Array, NULL)
#27 E:\\Do_An_Tot_Nghiep\\do_an_hieu\\vendor\\laravel\\framework\\src\\Illuminate\\Console\\Command.php(134): Illuminate\\Container\\Container->call(Array)
#28 E:\\Do_An_Tot_Nghiep\\do_an_hieu\\vendor\\symfony\\console\\Command\\Command.php(255): Illuminate\\Console\\Command->execute(Object(Symfony\\Component\\Console\\Input\\ArgvInput), Object(Illuminate\\Console\\OutputStyle))
#29 E:\\Do_An_Tot_Nghiep\\do_an_hieu\\vendor\\laravel\\framework\\src\\Illuminate\\Console\\Command.php(121): Symfony\\Component\\Console\\Command\\Command->run(Object(Symfony\\Component\\Console\\Input\\ArgvInput), Object(Illuminate\\Console\\OutputStyle))
#30 E:\\Do_An_Tot_Nghiep\\do_an_hieu\\vendor\\symfony\\console\\Application.php(1009): Illuminate\\Console\\Command->run(Object(Symfony\\Component\\Console\\Input\\ArgvInput), Object(Symfony\\Component\\Console\\Output\\ConsoleOutput))
#31 E:\\Do_An_Tot_Nghiep\\do_an_hieu\\vendor\\symfony\\console\\Application.php(273): Symfony\\Component\\Console\\Application->doRunCommand(Object(Illuminate\\Database\\Console\\Seeds\\SeedCommand), Object(Symfony\\Component\\Console\\Input\\ArgvInput), Object(Symfony\\Component\\Console\\Output\\ConsoleOutput))
#32 E:\\Do_An_Tot_Nghiep\\do_an_hieu\\vendor\\symfony\\console\\Application.php(149): Symfony\\Component\\Console\\Application->doRun(Object(Symfony\\Component\\Console\\Input\\ArgvInput), Object(Symfony\\Component\\Console\\Output\\ConsoleOutput))
#33 E:\\Do_An_Tot_Nghiep\\do_an_hieu\\vendor\\laravel\\framework\\src\\Illuminate\\Console\\Application.php(93): Symfony\\Component\\Console\\Application->run(Object(Symfony\\Component\\Console\\Input\\ArgvInput), Object(Symfony\\Component\\Console\\Output\\ConsoleOutput))
#34 E:\\Do_An_Tot_Nghiep\\do_an_hieu\\vendor\\laravel\\framework\\src\\Illuminate\\Foundation\\Console\\Kernel.php(131): Illuminate\\Console\\Application->run(Object(Symfony\\Component\\Console\\Input\\ArgvInput), Object(Symfony\\Component\\Console\\Output\\ConsoleOutput))
#35 E:\\Do_An_Tot_Nghiep\\do_an_hieu\\artisan(37): Illuminate\\Foundation\\Console\\Kernel->handle(Object(Symfony\\Component\\Console\\Input\\ArgvInput), Object(Symfony\\Component\\Console\\Output\\ConsoleOutput))
#36 {main}
"} 
