[2023-02-02 01:12:55] local.ERROR: SQLSTATE[23000]: Integrity constraint violation: 1062 Duplicate entry 'staff@gmail.com' for key 'admins_email_unique' (SQL: insert into `admins` (`address`, `avatar`, `class`, `email`, `level`, `name`, `password`, `phone`) values (TP.HN, 2022-11-21__a.png, D13CNPM4, hieu016286@gmail.com, 1, Admin, $2y$10$9DCTjWzZw91SgEf9QwpjIuRLmZ5Q1JB4TY9mUj0a/IlH57UKxZ98G, 0328698912), (TP.HN, ?, D13CNPM4, staff@gmail.com, 2, Staff, $2y$10$7/8zNjmct51qoLdAsub7HO/rqx5h1tK2fSUmxhPkuEfgKqmsGV7LG, 0333333333)) {"url":"http://doan.abc","input":[]} 
[2023-02-02 01:12:55] local.ERROR: SQLSTATE[23000]: Integrity constraint violation: 1062 Duplicate entry 'staff@gmail.com' for key 'admins_email_unique' (SQL: insert into `admins` (`address`, `avatar`, `class`, `email`, `level`, `name`, `password`, `phone`) values (TP.HN, 2022-11-21__a.png, D13CNPM4, hieu016286@gmail.com, 1, Admin, $2y$10$9DCTjWzZw91SgEf9QwpjIuRLmZ5Q1JB4TY9mUj0a/IlH57UKxZ98G, 0328698912), (TP.HN, ?, D13CNPM4, staff@gmail.com, 2, Staff, $2y$10$7/8zNjmct51qoLdAsub7HO/rqx5h1tK2fSUmxhPkuEfgKqmsGV7LG, 0333333333)) {"exception":"[object] (Illuminate\\Database\\QueryException(code: 23000): SQLSTATE[23000]: Integrity constraint violation: 1062 Duplicate entry 'staff@gmail.com' for key 'admins_email_unique' (SQL: insert into `admins` (`address`, `avatar`, `class`, `email`, `level`, `name`, `password`, `phone`) values (TP.HN, 2022-11-21__a.png, D13CNPM4, hieu016286@gmail.com, 1, Admin, $2y$10$9DCTjWzZw91SgEf9QwpjIuRLmZ5Q1JB4TY9mUj0a/IlH57UKxZ98G, 0328698912), (TP.HN, ?, D13CNPM4, staff@gmail.com, 2, Staff, $2y$10$7/8zNjmct51qoLdAsub7HO/rqx5h1tK2fSUmxhPkuEfgKqmsGV7LG, 0333333333)) at E:\\Do_An_Tot_Nghiep\\do_an_hieu\\vendor\\laravel\\framework\\src\\Illuminate\\Database\\Connection.php:669)
[stacktrace]
#0 E:\\Do_An_Tot_Nghiep\\do_an_hieu\\vendor\\laravel\\framework\\src\\Illuminate\\Database\\Connection.php(629): Illuminate\\Database\\Connection->runQueryCallback('insert into `ad...', Array, Object(Closure))
#1 E:\\Do_An_Tot_Nghiep\\do_an_hieu\\vendor\\laravel\\framework\\src\\Illuminate\\Database\\Connection.php(464): Illuminate\\Database\\Connection->run('insert into `ad...', Array, Object(Closure))
#2 E:\\Do_An_Tot_Nghiep\\do_an_hieu\\vendor\\laravel\\framework\\src\\Illuminate\\Database\\Connection.php(416): Illuminate\\Database\\Connection->statement('insert into `ad...', Array)
#3 E:\\Do_An_Tot_Nghiep\\do_an_hieu\\vendor\\laravel\\framework\\src\\Illuminate\\Database\\Query\\Builder.php(2661): Illuminate\\Database\\Connection->insert('insert into `ad...', Array)
#4 E:\\Do_An_Tot_Nghiep\\do_an_hieu\\database\\seeds\\DatabaseSeeder.php(19): Illuminate\\Database\\Query\\Builder->insert(Array)
#5 E:\\Do_An_Tot_Nghiep\\do_an_hieu\\vendor\\laravel\\framework\\src\\Illuminate\\Container\\BoundMethod.php(36): DatabaseSeeder->run()
#6 E:\\Do_An_Tot_Nghiep\\do_an_hieu\\vendor\\laravel\\framework\\src\\Illuminate\\Container\\Util.php(37): Illuminate\\Container\\BoundMethod::Illuminate\\Container\\{closure}()
#7 E:\\Do_An_Tot_Nghiep\\do_an_hieu\\vendor\\laravel\\framework\\src\\Illuminate\\Container\\BoundMethod.php(93): Illuminate\\Container\\Util::unwrapIfClosure(Object(Closure))
#8 E:\\Do_An_Tot_Nghiep\\do_an_hieu\\vendor\\laravel\\framework\\src\\Illuminate\\Container\\BoundMethod.php(37): Illuminate\\Container\\BoundMethod::callBoundMethod(Object(Illuminate\\Foundation\\Application), Array, Object(Closure))
#9 E:\\Do_An_Tot_Nghiep\\do_an_hieu\\vendor\\laravel\\framework\\src\\Illuminate\\Container\\Container.php(590): Illuminate\\Container\\BoundMethod::call(Object(Illuminate\\Foundation\\Application), Array, Array, NULL)
#10 E:\\Do_An_Tot_Nghiep\\do_an_hieu\\vendor\\laravel\\framework\\src\\Illuminate\\Database\\Seeder.php(134): Illuminate\\Container\\Container->call(Array)
#11 E:\\Do_An_Tot_Nghiep\\do_an_hieu\\vendor\\laravel\\framework\\src\\Illuminate\\Database\\Console\\Seeds\\SeedCommand.php(63): Illuminate\\Database\\Seeder->__invoke()
#12 E:\\Do_An_Tot_Nghiep\\do_an_hieu\\vendor\\laravel\\framework\\src\\Illuminate\\Database\\Eloquent\\Concerns\\GuardsAttributes.php(129): Illuminate\\Database\\Console\\Seeds\\SeedCommand->Illuminate\\Database\\Console\\Seeds\\{closure}()
#13 E:\\Do_An_Tot_Nghiep\\do_an_hieu\\vendor\\laravel\\framework\\src\\Illuminate\\Database\\Console\\Seeds\\SeedCommand.php(64): Illuminate\\Database\\Eloquent\\Model::unguarded(Object(Closure))
#14 E:\\Do_An_Tot_Nghiep\\do_an_hieu\\vendor\\laravel\\framework\\src\\Illuminate\\Container\\BoundMethod.php(36): Illuminate\\Database\\Console\\Seeds\\SeedCommand->handle()
#15 E:\\Do_An_Tot_Nghiep\\do_an_hieu\\vendor\\laravel\\framework\\src\\Illuminate\\Container\\Util.php(37): Illuminate\\Container\\BoundMethod::Illuminate\\Container\\{closure}()
#16 E:\\Do_An_Tot_Nghiep\\do_an_hieu\\vendor\\laravel\\framework\\src\\Illuminate\\Container\\BoundMethod.php(93): Illuminate\\Container\\Util::unwrapIfClosure(Object(Closure))
#17 E:\\Do_An_Tot_Nghiep\\do_an_hieu\\vendor\\laravel\\framework\\src\\Illuminate\\Container\\BoundMethod.php(37): Illuminate\\Container\\BoundMethod::callBoundMethod(Object(Illuminate\\Foundation\\Application), Array, Object(Closure))
#18 E:\\Do_An_Tot_Nghiep\\do_an_hieu\\vendor\\laravel\\framework\\src\\Illuminate\\Container\\Container.php(590): Illuminate\\Container\\BoundMethod::call(Object(Illuminate\\Foundation\\Application), Array, Array, NULL)
#19 E:\\Do_An_Tot_Nghiep\\do_an_hieu\\vendor\\laravel\\framework\\src\\Illuminate\\Console\\Command.php(134): Illuminate\\Container\\Container->call(Array)
#20 E:\\Do_An_Tot_Nghiep\\do_an_hieu\\vendor\\symfony\\console\\Command\\Command.php(255): Illuminate\\Console\\Command->execute(Object(Symfony\\Component\\Console\\Input\\ArgvInput), Object(Illuminate\\Console\\OutputStyle))
#21 E:\\Do_An_Tot_Nghiep\\do_an_hieu\\vendor\\laravel\\framework\\src\\Illuminate\\Console\\Command.php(121): Symfony\\Component\\Console\\Command\\Command->run(Object(Symfony\\Component\\Console\\Input\\ArgvInput), Object(Illuminate\\Console\\OutputStyle))
#22 E:\\Do_An_Tot_Nghiep\\do_an_hieu\\vendor\\symfony\\console\\Application.php(1009): Illuminate\\Console\\Command->run(Object(Symfony\\Component\\Console\\Input\\ArgvInput), Object(Symfony\\Component\\Console\\Output\\ConsoleOutput))
#23 E:\\Do_An_Tot_Nghiep\\do_an_hieu\\vendor\\symfony\\console\\Application.php(273): Symfony\\Component\\Console\\Application->doRunCommand(Object(Illuminate\\Database\\Console\\Seeds\\SeedCommand), Object(Symfony\\Component\\Console\\Input\\ArgvInput), Object(Symfony\\Component\\Console\\Output\\ConsoleOutput))
#24 E:\\Do_An_Tot_Nghiep\\do_an_hieu\\vendor\\symfony\\console\\Application.php(149): Symfony\\Component\\Console\\Application->doRun(Object(Symfony\\Component\\Console\\Input\\ArgvInput), Object(Symfony\\Component\\Console\\Output\\ConsoleOutput))
#25 E:\\Do_An_Tot_Nghiep\\do_an_hieu\\vendor\\laravel\\framework\\src\\Illuminate\\Console\\Application.php(93): Symfony\\Component\\Console\\Application->run(Object(Symfony\\Component\\Console\\Input\\ArgvInput), Object(Symfony\\Component\\Console\\Output\\ConsoleOutput))
#26 E:\\Do_An_Tot_Nghiep\\do_an_hieu\\vendor\\laravel\\framework\\src\\Illuminate\\Foundation\\Console\\Kernel.php(131): Illuminate\\Console\\Application->run(Object(Symfony\\Component\\Console\\Input\\ArgvInput), Object(Symfony\\Component\\Console\\Output\\ConsoleOutput))
#27 E:\\Do_An_Tot_Nghiep\\do_an_hieu\\artisan(37): Illuminate\\Foundation\\Console\\Kernel->handle(Object(Symfony\\Component\\Console\\Input\\ArgvInput), Object(Symfony\\Component\\Console\\Output\\ConsoleOutput))
#28 {main}

[previous exception] [object] (PDOException(code: 23000): SQLSTATE[23000]: Integrity constraint violation: 1062 Duplicate entry 'staff@gmail.com' for key 'admins_email_unique' at E:\\Do_An_Tot_Nghiep\\do_an_hieu\\vendor\\laravel\\framework\\src\\Illuminate\\Database\\Connection.php:463)
[stacktrace]
#0 E:\\Do_An_Tot_Nghiep\\do_an_hieu\\vendor\\laravel\\framework\\src\\Illuminate\\Database\\Connection.php(463): PDOStatement->execute()
#1 E:\\Do_An_Tot_Nghiep\\do_an_hieu\\vendor\\laravel\\framework\\src\\Illuminate\\Database\\Connection.php(662): Illuminate\\Database\\Connection->Illuminate\\Database\\{closure}('insert into `ad...', Array)
#2 E:\\Do_An_Tot_Nghiep\\do_an_hieu\\vendor\\laravel\\framework\\src\\Illuminate\\Database\\Connection.php(629): Illuminate\\Database\\Connection->runQueryCallback('insert into `ad...', Array, Object(Closure))
#3 E:\\Do_An_Tot_Nghiep\\do_an_hieu\\vendor\\laravel\\framework\\src\\Illuminate\\Database\\Connection.php(464): Illuminate\\Database\\Connection->run('insert into `ad...', Array, Object(Closure))
#4 E:\\Do_An_Tot_Nghiep\\do_an_hieu\\vendor\\laravel\\framework\\src\\Illuminate\\Database\\Connection.php(416): Illuminate\\Database\\Connection->statement('insert into `ad...', Array)
#5 E:\\Do_An_Tot_Nghiep\\do_an_hieu\\vendor\\laravel\\framework\\src\\Illuminate\\Database\\Query\\Builder.php(2661): Illuminate\\Database\\Connection->insert('insert into `ad...', Array)
#6 E:\\Do_An_Tot_Nghiep\\do_an_hieu\\database\\seeds\\DatabaseSeeder.php(19): Illuminate\\Database\\Query\\Builder->insert(Array)
#7 E:\\Do_An_Tot_Nghiep\\do_an_hieu\\vendor\\laravel\\framework\\src\\Illuminate\\Container\\BoundMethod.php(36): DatabaseSeeder->run()
#8 E:\\Do_An_Tot_Nghiep\\do_an_hieu\\vendor\\laravel\\framework\\src\\Illuminate\\Container\\Util.php(37): Illuminate\\Container\\BoundMethod::Illuminate\\Container\\{closure}()
#9 E:\\Do_An_Tot_Nghiep\\do_an_hieu\\vendor\\laravel\\framework\\src\\Illuminate\\Container\\BoundMethod.php(93): Illuminate\\Container\\Util::unwrapIfClosure(Object(Closure))
#10 E:\\Do_An_Tot_Nghiep\\do_an_hieu\\vendor\\laravel\\framework\\src\\Illuminate\\Container\\BoundMethod.php(37): Illuminate\\Container\\BoundMethod::callBoundMethod(Object(Illuminate\\Foundation\\Application), Array, Object(Closure))
#11 E:\\Do_An_Tot_Nghiep\\do_an_hieu\\vendor\\laravel\\framework\\src\\Illuminate\\Container\\Container.php(590): Illuminate\\Container\\BoundMethod::call(Object(Illuminate\\Foundation\\Application), Array, Array, NULL)
#12 E:\\Do_An_Tot_Nghiep\\do_an_hieu\\vendor\\laravel\\framework\\src\\Illuminate\\Database\\Seeder.php(134): Illuminate\\Container\\Container->call(Array)
#13 E:\\Do_An_Tot_Nghiep\\do_an_hieu\\vendor\\laravel\\framework\\src\\Illuminate\\Database\\Console\\Seeds\\SeedCommand.php(63): Illuminate\\Database\\Seeder->__invoke()
#14 E:\\Do_An_Tot_Nghiep\\do_an_hieu\\vendor\\laravel\\framework\\src\\Illuminate\\Database\\Eloquent\\Concerns\\GuardsAttributes.php(129): Illuminate\\Database\\Console\\Seeds\\SeedCommand->Illuminate\\Database\\Console\\Seeds\\{closure}()
#15 E:\\Do_An_Tot_Nghiep\\do_an_hieu\\vendor\\laravel\\framework\\src\\Illuminate\\Database\\Console\\Seeds\\SeedCommand.php(64): Illuminate\\Database\\Eloquent\\Model::unguarded(Object(Closure))
#16 E:\\Do_An_Tot_Nghiep\\do_an_hieu\\vendor\\laravel\\framework\\src\\Illuminate\\Container\\BoundMethod.php(36): Illuminate\\Database\\Console\\Seeds\\SeedCommand->handle()
#17 E:\\Do_An_Tot_Nghiep\\do_an_hieu\\vendor\\laravel\\framework\\src\\Illuminate\\Container\\Util.php(37): Illuminate\\Container\\BoundMethod::Illuminate\\Container\\{closure}()
#18 E:\\Do_An_Tot_Nghiep\\do_an_hieu\\vendor\\laravel\\framework\\src\\Illuminate\\Container\\BoundMethod.php(93): Illuminate\\Container\\Util::unwrapIfClosure(Object(Closure))
#19 E:\\Do_An_Tot_Nghiep\\do_an_hieu\\vendor\\laravel\\framework\\src\\Illuminate\\Container\\BoundMethod.php(37): Illuminate\\Container\\BoundMethod::callBoundMethod(Object(Illuminate\\Foundation\\Application), Array, Object(Closure))
#20 E:\\Do_An_Tot_Nghiep\\do_an_hieu\\vendor\\laravel\\framework\\src\\Illuminate\\Container\\Container.php(590): Illuminate\\Container\\BoundMethod::call(Object(Illuminate\\Foundation\\Application), Array, Array, NULL)
#21 E:\\Do_An_Tot_Nghiep\\do_an_hieu\\vendor\\laravel\\framework\\src\\Illuminate\\Console\\Command.php(134): Illuminate\\Container\\Container->call(Array)
#22 E:\\Do_An_Tot_Nghiep\\do_an_hieu\\vendor\\symfony\\console\\Command\\Command.php(255): Illuminate\\Console\\Command->execute(Object(Symfony\\Component\\Console\\Input\\ArgvInput), Object(Illuminate\\Console\\OutputStyle))
#23 E:\\Do_An_Tot_Nghiep\\do_an_hieu\\vendor\\laravel\\framework\\src\\Illuminate\\Console\\Command.php(121): Symfony\\Component\\Console\\Command\\Command->run(Object(Symfony\\Component\\Console\\Input\\ArgvInput), Object(Illuminate\\Console\\OutputStyle))
#24 E:\\Do_An_Tot_Nghiep\\do_an_hieu\\vendor\\symfony\\console\\Application.php(1009): Illuminate\\Console\\Command->run(Object(Symfony\\Component\\Console\\Input\\ArgvInput), Object(Symfony\\Component\\Console\\Output\\ConsoleOutput))
#25 E:\\Do_An_Tot_Nghiep\\do_an_hieu\\vendor\\symfony\\console\\Application.php(273): Symfony\\Component\\Console\\Application->doRunCommand(Object(Illuminate\\Database\\Console\\Seeds\\SeedCommand), Object(Symfony\\Component\\Console\\Input\\ArgvInput), Object(Symfony\\Component\\Console\\Output\\ConsoleOutput))
#26 E:\\Do_An_Tot_Nghiep\\do_an_hieu\\vendor\\symfony\\console\\Application.php(149): Symfony\\Component\\Console\\Application->doRun(Object(Symfony\\Component\\Console\\Input\\ArgvInput), Object(Symfony\\Component\\Console\\Output\\ConsoleOutput))
#27 E:\\Do_An_Tot_Nghiep\\do_an_hieu\\vendor\\laravel\\framework\\src\\Illuminate\\Console\\Application.php(93): Symfony\\Component\\Console\\Application->run(Object(Symfony\\Component\\Console\\Input\\ArgvInput), Object(Symfony\\Component\\Console\\Output\\ConsoleOutput))
#28 E:\\Do_An_Tot_Nghiep\\do_an_hieu\\vendor\\laravel\\framework\\src\\Illuminate\\Foundation\\Console\\Kernel.php(131): Illuminate\\Console\\Application->run(Object(Symfony\\Component\\Console\\Input\\ArgvInput), Object(Symfony\\Component\\Console\\Output\\ConsoleOutput))
#29 E:\\Do_An_Tot_Nghiep\\do_an_hieu\\artisan(37): Illuminate\\Foundation\\Console\\Kernel->handle(Object(Symfony\\Component\\Console\\Input\\ArgvInput), Object(Symfony\\Component\\Console\\Output\\ConsoleOutput))
#30 {main}
"} 
[2023-02-02 01:13:33] local.ERROR: SQLSTATE[23000]: Integrity constraint violation: 1062 Duplicate entry 'vippr1239@gmail.com' for key 'admins_email_unique' (SQL: insert into `admins` (`address`, `avatar`, `class`, `email`, `level`, `name`, `password`, `phone`) values (TP.HN, 2022-11-21__a.png, D13CNPM4, vippr1239@gmail.com, 1, Admin, $2y$10$iJ2EpbdT6/xJDCjvjYwoNeJexarc6rkJjvLKtTFrnpRXjz/INFqvW, 0328698912), (TP.HN, ?, D13CNPM4, staff@gmail.com, 2, Staff, $2y$10$Osns1RIhWlNkOdOZ3aeTmeB6k9jWFgf1GEFG/.F8C1GML3kRi13Zq, 0333333333)) {"url":"http://doan.abc","input":[]} 
[2023-02-02 01:13:33] local.ERROR: SQLSTATE[23000]: Integrity constraint violation: 1062 Duplicate entry 'vippr1239@gmail.com' for key 'admins_email_unique' (SQL: insert into `admins` (`address`, `avatar`, `class`, `email`, `level`, `name`, `password`, `phone`) values (TP.HN, 2022-11-21__a.png, D13CNPM4, vippr1239@gmail.com, 1, Admin, $2y$10$iJ2EpbdT6/xJDCjvjYwoNeJexarc6rkJjvLKtTFrnpRXjz/INFqvW, 0328698912), (TP.HN, ?, D13CNPM4, staff@gmail.com, 2, Staff, $2y$10$Osns1RIhWlNkOdOZ3aeTmeB6k9jWFgf1GEFG/.F8C1GML3kRi13Zq, 0333333333)) {"exception":"[object] (Illuminate\\Database\\QueryException(code: 23000): SQLSTATE[23000]: Integrity constraint violation: 1062 Duplicate entry 'vippr1239@gmail.com' for key 'admins_email_unique' (SQL: insert into `admins` (`address`, `avatar`, `class`, `email`, `level`, `name`, `password`, `phone`) values (TP.HN, 2022-11-21__a.png, D13CNPM4, vippr1239@gmail.com, 1, Admin, $2y$10$iJ2EpbdT6/xJDCjvjYwoNeJexarc6rkJjvLKtTFrnpRXjz/INFqvW, 0328698912), (TP.HN, ?, D13CNPM4, staff@gmail.com, 2, Staff, $2y$10$Osns1RIhWlNkOdOZ3aeTmeB6k9jWFgf1GEFG/.F8C1GML3kRi13Zq, 0333333333)) at E:\\Do_An_Tot_Nghiep\\do_an_hieu\\vendor\\laravel\\framework\\src\\Illuminate\\Database\\Connection.php:669)
[stacktrace]
#0 E:\\Do_An_Tot_Nghiep\\do_an_hieu\\vendor\\laravel\\framework\\src\\Illuminate\\Database\\Connection.php(629): Illuminate\\Database\\Connection->runQueryCallback('insert into `ad...', Array, Object(Closure))
#1 E:\\Do_An_Tot_Nghiep\\do_an_hieu\\vendor\\laravel\\framework\\src\\Illuminate\\Database\\Connection.php(464): Illuminate\\Database\\Connection->run('insert into `ad...', Array, Object(Closure))
#2 E:\\Do_An_Tot_Nghiep\\do_an_hieu\\vendor\\laravel\\framework\\src\\Illuminate\\Database\\Connection.php(416): Illuminate\\Database\\Connection->statement('insert into `ad...', Array)
#3 E:\\Do_An_Tot_Nghiep\\do_an_hieu\\vendor\\laravel\\framework\\src\\Illuminate\\Database\\Query\\Builder.php(2661): Illuminate\\Database\\Connection->insert('insert into `ad...', Array)
#4 E:\\Do_An_Tot_Nghiep\\do_an_hieu\\database\\seeds\\DatabaseSeeder.php(19): Illuminate\\Database\\Query\\Builder->insert(Array)
#5 E:\\Do_An_Tot_Nghiep\\do_an_hieu\\vendor\\laravel\\framework\\src\\Illuminate\\Container\\BoundMethod.php(36): DatabaseSeeder->run()
#6 E:\\Do_An_Tot_Nghiep\\do_an_hieu\\vendor\\laravel\\framework\\src\\Illuminate\\Container\\Util.php(37): Illuminate\\Container\\BoundMethod::Illuminate\\Container\\{closure}()
#7 E:\\Do_An_Tot_Nghiep\\do_an_hieu\\vendor\\laravel\\framework\\src\\Illuminate\\Container\\BoundMethod.php(93): Illuminate\\Container\\Util::unwrapIfClosure(Object(Closure))
#8 E:\\Do_An_Tot_Nghiep\\do_an_hieu\\vendor\\laravel\\framework\\src\\Illuminate\\Container\\BoundMethod.php(37): Illuminate\\Container\\BoundMethod::callBoundMethod(Object(Illuminate\\Foundation\\Application), Array, Object(Closure))
#9 E:\\Do_An_Tot_Nghiep\\do_an_hieu\\vendor\\laravel\\framework\\src\\Illuminate\\Container\\Container.php(590): Illuminate\\Container\\BoundMethod::call(Object(Illuminate\\Foundation\\Application), Array, Array, NULL)
#10 E:\\Do_An_Tot_Nghiep\\do_an_hieu\\vendor\\laravel\\framework\\src\\Illuminate\\Database\\Seeder.php(134): Illuminate\\Container\\Container->call(Array)
#11 E:\\Do_An_Tot_Nghiep\\do_an_hieu\\vendor\\laravel\\framework\\src\\Illuminate\\Database\\Console\\Seeds\\SeedCommand.php(63): Illuminate\\Database\\Seeder->__invoke()
#12 E:\\Do_An_Tot_Nghiep\\do_an_hieu\\vendor\\laravel\\framework\\src\\Illuminate\\Database\\Eloquent\\Concerns\\GuardsAttributes.php(129): Illuminate\\Database\\Console\\Seeds\\SeedCommand->Illuminate\\Database\\Console\\Seeds\\{closure}()
#13 E:\\Do_An_Tot_Nghiep\\do_an_hieu\\vendor\\laravel\\framework\\src\\Illuminate\\Database\\Console\\Seeds\\SeedCommand.php(64): Illuminate\\Database\\Eloquent\\Model::unguarded(Object(Closure))
#14 E:\\Do_An_Tot_Nghiep\\do_an_hieu\\vendor\\laravel\\framework\\src\\Illuminate\\Container\\BoundMethod.php(36): Illuminate\\Database\\Console\\Seeds\\SeedCommand->handle()
#15 E:\\Do_An_Tot_Nghiep\\do_an_hieu\\vendor\\laravel\\framework\\src\\Illuminate\\Container\\Util.php(37): Illuminate\\Container\\BoundMethod::Illuminate\\Container\\{closure}()
#16 E:\\Do_An_Tot_Nghiep\\do_an_hieu\\vendor\\laravel\\framework\\src\\Illuminate\\Container\\BoundMethod.php(93): Illuminate\\Container\\Util::unwrapIfClosure(Object(Closure))
#17 E:\\Do_An_Tot_Nghiep\\do_an_hieu\\vendor\\laravel\\framework\\src\\Illuminate\\Container\\BoundMethod.php(37): Illuminate\\Container\\BoundMethod::callBoundMethod(Object(Illuminate\\Foundation\\Application), Array, Object(Closure))
#18 E:\\Do_An_Tot_Nghiep\\do_an_hieu\\vendor\\laravel\\framework\\src\\Illuminate\\Container\\Container.php(590): Illuminate\\Container\\BoundMethod::call(Object(Illuminate\\Foundation\\Application), Array, Array, NULL)
#19 E:\\Do_An_Tot_Nghiep\\do_an_hieu\\vendor\\laravel\\framework\\src\\Illuminate\\Console\\Command.php(134): Illuminate\\Container\\Container->call(Array)
#20 E:\\Do_An_Tot_Nghiep\\do_an_hieu\\vendor\\symfony\\console\\Command\\Command.php(255): Illuminate\\Console\\Command->execute(Object(Symfony\\Component\\Console\\Input\\ArgvInput), Object(Illuminate\\Console\\OutputStyle))
#21 E:\\Do_An_Tot_Nghiep\\do_an_hieu\\vendor\\laravel\\framework\\src\\Illuminate\\Console\\Command.php(121): Symfony\\Component\\Console\\Command\\Command->run(Object(Symfony\\Component\\Console\\Input\\ArgvInput), Object(Illuminate\\Console\\OutputStyle))
#22 E:\\Do_An_Tot_Nghiep\\do_an_hieu\\vendor\\symfony\\console\\Application.php(1009): Illuminate\\Console\\Command->run(Object(Symfony\\Component\\Console\\Input\\ArgvInput), Object(Symfony\\Component\\Console\\Output\\ConsoleOutput))
#23 E:\\Do_An_Tot_Nghiep\\do_an_hieu\\vendor\\symfony\\console\\Application.php(273): Symfony\\Component\\Console\\Application->doRunCommand(Object(Illuminate\\Database\\Console\\Seeds\\SeedCommand), Object(Symfony\\Component\\Console\\Input\\ArgvInput), Object(Symfony\\Component\\Console\\Output\\ConsoleOutput))
#24 E:\\Do_An_Tot_Nghiep\\do_an_hieu\\vendor\\symfony\\console\\Application.php(149): Symfony\\Component\\Console\\Application->doRun(Object(Symfony\\Component\\Console\\Input\\ArgvInput), Object(Symfony\\Component\\Console\\Output\\ConsoleOutput))
#25 E:\\Do_An_Tot_Nghiep\\do_an_hieu\\vendor\\laravel\\framework\\src\\Illuminate\\Console\\Application.php(93): Symfony\\Component\\Console\\Application->run(Object(Symfony\\Component\\Console\\Input\\ArgvInput), Object(Symfony\\Component\\Console\\Output\\ConsoleOutput))
#26 E:\\Do_An_Tot_Nghiep\\do_an_hieu\\vendor\\laravel\\framework\\src\\Illuminate\\Foundation\\Console\\Kernel.php(131): Illuminate\\Console\\Application->run(Object(Symfony\\Component\\Console\\Input\\ArgvInput), Object(Symfony\\Component\\Console\\Output\\ConsoleOutput))
#27 E:\\Do_An_Tot_Nghiep\\do_an_hieu\\artisan(37): Illuminate\\Foundation\\Console\\Kernel->handle(Object(Symfony\\Component\\Console\\Input\\ArgvInput), Object(Symfony\\Component\\Console\\Output\\ConsoleOutput))
#28 {main}

[previous exception] [object] (PDOException(code: 23000): SQLSTATE[23000]: Integrity constraint violation: 1062 Duplicate entry 'vippr1239@gmail.com' for key 'admins_email_unique' at E:\\Do_An_Tot_Nghiep\\do_an_hieu\\vendor\\laravel\\framework\\src\\Illuminate\\Database\\Connection.php:463)
[stacktrace]
#0 E:\\Do_An_Tot_Nghiep\\do_an_hieu\\vendor\\laravel\\framework\\src\\Illuminate\\Database\\Connection.php(463): PDOStatement->execute()
#1 E:\\Do_An_Tot_Nghiep\\do_an_hieu\\vendor\\laravel\\framework\\src\\Illuminate\\Database\\Connection.php(662): Illuminate\\Database\\Connection->Illuminate\\Database\\{closure}('insert into `ad...', Array)
#2 E:\\Do_An_Tot_Nghiep\\do_an_hieu\\vendor\\laravel\\framework\\src\\Illuminate\\Database\\Connection.php(629): Illuminate\\Database\\Connection->runQueryCallback('insert into `ad...', Array, Object(Closure))
#3 E:\\Do_An_Tot_Nghiep\\do_an_hieu\\vendor\\laravel\\framework\\src\\Illuminate\\Database\\Connection.php(464): Illuminate\\Database\\Connection->run('insert into `ad...', Array, Object(Closure))
#4 E:\\Do_An_Tot_Nghiep\\do_an_hieu\\vendor\\laravel\\framework\\src\\Illuminate\\Database\\Connection.php(416): Illuminate\\Database\\Connection->statement('insert into `ad...', Array)
#5 E:\\Do_An_Tot_Nghiep\\do_an_hieu\\vendor\\laravel\\framework\\src\\Illuminate\\Database\\Query\\Builder.php(2661): Illuminate\\Database\\Connection->insert('insert into `ad...', Array)
#6 E:\\Do_An_Tot_Nghiep\\do_an_hieu\\database\\seeds\\DatabaseSeeder.php(19): Illuminate\\Database\\Query\\Builder->insert(Array)
#7 E:\\Do_An_Tot_Nghiep\\do_an_hieu\\vendor\\laravel\\framework\\src\\Illuminate\\Container\\BoundMethod.php(36): DatabaseSeeder->run()
#8 E:\\Do_An_Tot_Nghiep\\do_an_hieu\\vendor\\laravel\\framework\\src\\Illuminate\\Container\\Util.php(37): Illuminate\\Container\\BoundMethod::Illuminate\\Container\\{closure}()
#9 E:\\Do_An_Tot_Nghiep\\do_an_hieu\\vendor\\laravel\\framework\\src\\Illuminate\\Container\\BoundMethod.php(93): Illuminate\\Container\\Util::unwrapIfClosure(Object(Closure))
#10 E:\\Do_An_Tot_Nghiep\\do_an_hieu\\vendor\\laravel\\framework\\src\\Illuminate\\Container\\BoundMethod.php(37): Illuminate\\Container\\BoundMethod::callBoundMethod(Object(Illuminate\\Foundation\\Application), Array, Object(Closure))
#11 E:\\Do_An_Tot_Nghiep\\do_an_hieu\\vendor\\laravel\\framework\\src\\Illuminate\\Container\\Container.php(590): Illuminate\\Container\\BoundMethod::call(Object(Illuminate\\Foundation\\Application), Array, Array, NULL)
#12 E:\\Do_An_Tot_Nghiep\\do_an_hieu\\vendor\\laravel\\framework\\src\\Illuminate\\Database\\Seeder.php(134): Illuminate\\Container\\Container->call(Array)
#13 E:\\Do_An_Tot_Nghiep\\do_an_hieu\\vendor\\laravel\\framework\\src\\Illuminate\\Database\\Console\\Seeds\\SeedCommand.php(63): Illuminate\\Database\\Seeder->__invoke()
#14 E:\\Do_An_Tot_Nghiep\\do_an_hieu\\vendor\\laravel\\framework\\src\\Illuminate\\Database\\Eloquent\\Concerns\\GuardsAttributes.php(129): Illuminate\\Database\\Console\\Seeds\\SeedCommand->Illuminate\\Database\\Console\\Seeds\\{closure}()
#15 E:\\Do_An_Tot_Nghiep\\do_an_hieu\\vendor\\laravel\\framework\\src\\Illuminate\\Database\\Console\\Seeds\\SeedCommand.php(64): Illuminate\\Database\\Eloquent\\Model::unguarded(Object(Closure))
#16 E:\\Do_An_Tot_Nghiep\\do_an_hieu\\vendor\\laravel\\framework\\src\\Illuminate\\Container\\BoundMethod.php(36): Illuminate\\Database\\Console\\Seeds\\SeedCommand->handle()
#17 E:\\Do_An_Tot_Nghiep\\do_an_hieu\\vendor\\laravel\\framework\\src\\Illuminate\\Container\\Util.php(37): Illuminate\\Container\\BoundMethod::Illuminate\\Container\\{closure}()
#18 E:\\Do_An_Tot_Nghiep\\do_an_hieu\\vendor\\laravel\\framework\\src\\Illuminate\\Container\\BoundMethod.php(93): Illuminate\\Container\\Util::unwrapIfClosure(Object(Closure))
#19 E:\\Do_An_Tot_Nghiep\\do_an_hieu\\vendor\\laravel\\framework\\src\\Illuminate\\Container\\BoundMethod.php(37): Illuminate\\Container\\BoundMethod::callBoundMethod(Object(Illuminate\\Foundation\\Application), Array, Object(Closure))
#20 E:\\Do_An_Tot_Nghiep\\do_an_hieu\\vendor\\laravel\\framework\\src\\Illuminate\\Container\\Container.php(590): Illuminate\\Container\\BoundMethod::call(Object(Illuminate\\Foundation\\Application), Array, Array, NULL)
#21 E:\\Do_An_Tot_Nghiep\\do_an_hieu\\vendor\\laravel\\framework\\src\\Illuminate\\Console\\Command.php(134): Illuminate\\Container\\Container->call(Array)
#22 E:\\Do_An_Tot_Nghiep\\do_an_hieu\\vendor\\symfony\\console\\Command\\Command.php(255): Illuminate\\Console\\Command->execute(Object(Symfony\\Component\\Console\\Input\\ArgvInput), Object(Illuminate\\Console\\OutputStyle))
#23 E:\\Do_An_Tot_Nghiep\\do_an_hieu\\vendor\\laravel\\framework\\src\\Illuminate\\Console\\Command.php(121): Symfony\\Component\\Console\\Command\\Command->run(Object(Symfony\\Component\\Console\\Input\\ArgvInput), Object(Illuminate\\Console\\OutputStyle))
#24 E:\\Do_An_Tot_Nghiep\\do_an_hieu\\vendor\\symfony\\console\\Application.php(1009): Illuminate\\Console\\Command->run(Object(Symfony\\Component\\Console\\Input\\ArgvInput), Object(Symfony\\Component\\Console\\Output\\ConsoleOutput))
#25 E:\\Do_An_Tot_Nghiep\\do_an_hieu\\vendor\\symfony\\console\\Application.php(273): Symfony\\Component\\Console\\Application->doRunCommand(Object(Illuminate\\Database\\Console\\Seeds\\SeedCommand), Object(Symfony\\Component\\Console\\Input\\ArgvInput), Object(Symfony\\Component\\Console\\Output\\ConsoleOutput))
#26 E:\\Do_An_Tot_Nghiep\\do_an_hieu\\vendor\\symfony\\console\\Application.php(149): Symfony\\Component\\Console\\Application->doRun(Object(Symfony\\Component\\Console\\Input\\ArgvInput), Object(Symfony\\Component\\Console\\Output\\ConsoleOutput))
#27 E:\\Do_An_Tot_Nghiep\\do_an_hieu\\vendor\\laravel\\framework\\src\\Illuminate\\Console\\Application.php(93): Symfony\\Component\\Console\\Application->run(Object(Symfony\\Component\\Console\\Input\\ArgvInput), Object(Symfony\\Component\\Console\\Output\\ConsoleOutput))
#28 E:\\Do_An_Tot_Nghiep\\do_an_hieu\\vendor\\laravel\\framework\\src\\Illuminate\\Foundation\\Console\\Kernel.php(131): Illuminate\\Console\\Application->run(Object(Symfony\\Component\\Console\\Input\\ArgvInput), Object(Symfony\\Component\\Console\\Output\\ConsoleOutput))
#29 E:\\Do_An_Tot_Nghiep\\do_an_hieu\\artisan(37): Illuminate\\Foundation\\Console\\Kernel->handle(Object(Symfony\\Component\\Console\\Input\\ArgvInput), Object(Symfony\\Component\\Console\\Output\\ConsoleOutput))
#30 {main}
"} 
[2023-02-02 01:13:53] local.ERROR: SQLSTATE[23000]: Integrity constraint violation: 1062 Duplicate entry 'vippr1239@gmail.com' for key 'admins_email_unique' (SQL: insert into `admins` (`address`, `avatar`, `class`, `email`, `level`, `name`, `password`, `phone`) values (TP.HN, 2022-11-21__a.png, D13CNPM4, vippr1239@gmail.com, 1, Admin, $2y$10$Bk5HJ9V3efRbP3HRIZsUtOBRCMoLL7lBoWLTQfC0eWCrXVFpSteD2, 0328698912), (TP.HN, ?, D13CNPM4, staff@gmail.com, 2, Staff, $2y$10$lUTM7mu7tnh4.p5n1nBSf.oO2y3UzTeqisULKFe5JUdrjROyl7KkG, 0333333333)) {"url":"http://doan.abc","input":[]} 
[2023-02-02 01:13:53] local.ERROR: SQLSTATE[23000]: Integrity constraint violation: 1062 Duplicate entry 'vippr1239@gmail.com' for key 'admins_email_unique' (SQL: insert into `admins` (`address`, `avatar`, `class`, `email`, `level`, `name`, `password`, `phone`) values (TP.HN, 2022-11-21__a.png, D13CNPM4, vippr1239@gmail.com, 1, Admin, $2y$10$Bk5HJ9V3efRbP3HRIZsUtOBRCMoLL7lBoWLTQfC0eWCrXVFpSteD2, 0328698912), (TP.HN, ?, D13CNPM4, staff@gmail.com, 2, Staff, $2y$10$lUTM7mu7tnh4.p5n1nBSf.oO2y3UzTeqisULKFe5JUdrjROyl7KkG, 0333333333)) {"exception":"[object] (Illuminate\\Database\\QueryException(code: 23000): SQLSTATE[23000]: Integrity constraint violation: 1062 Duplicate entry 'vippr1239@gmail.com' for key 'admins_email_unique' (SQL: insert into `admins` (`address`, `avatar`, `class`, `email`, `level`, `name`, `password`, `phone`) values (TP.HN, 2022-11-21__a.png, D13CNPM4, vippr1239@gmail.com, 1, Admin, $2y$10$Bk5HJ9V3efRbP3HRIZsUtOBRCMoLL7lBoWLTQfC0eWCrXVFpSteD2, 0328698912), (TP.HN, ?, D13CNPM4, staff@gmail.com, 2, Staff, $2y$10$lUTM7mu7tnh4.p5n1nBSf.oO2y3UzTeqisULKFe5JUdrjROyl7KkG, 0333333333)) at E:\\Do_An_Tot_Nghiep\\do_an_hieu\\vendor\\laravel\\framework\\src\\Illuminate\\Database\\Connection.php:669)
[stacktrace]
#0 E:\\Do_An_Tot_Nghiep\\do_an_hieu\\vendor\\laravel\\framework\\src\\Illuminate\\Database\\Connection.php(629): Illuminate\\Database\\Connection->runQueryCallback('insert into `ad...', Array, Object(Closure))
#1 E:\\Do_An_Tot_Nghiep\\do_an_hieu\\vendor\\laravel\\framework\\src\\Illuminate\\Database\\Connection.php(464): Illuminate\\Database\\Connection->run('insert into `ad...', Array, Object(Closure))
#2 E:\\Do_An_Tot_Nghiep\\do_an_hieu\\vendor\\laravel\\framework\\src\\Illuminate\\Database\\Connection.php(416): Illuminate\\Database\\Connection->statement('insert into `ad...', Array)
#3 E:\\Do_An_Tot_Nghiep\\do_an_hieu\\vendor\\laravel\\framework\\src\\Illuminate\\Database\\Query\\Builder.php(2661): Illuminate\\Database\\Connection->insert('insert into `ad...', Array)
#4 E:\\Do_An_Tot_Nghiep\\do_an_hieu\\database\\seeds\\DatabaseSeeder.php(19): Illuminate\\Database\\Query\\Builder->insert(Array)
#5 E:\\Do_An_Tot_Nghiep\\do_an_hieu\\vendor\\laravel\\framework\\src\\Illuminate\\Container\\BoundMethod.php(36): DatabaseSeeder->run()
#6 E:\\Do_An_Tot_Nghiep\\do_an_hieu\\vendor\\laravel\\framework\\src\\Illuminate\\Container\\Util.php(37): Illuminate\\Container\\BoundMethod::Illuminate\\Container\\{closure}()
#7 E:\\Do_An_Tot_Nghiep\\do_an_hieu\\vendor\\laravel\\framework\\src\\Illuminate\\Container\\BoundMethod.php(93): Illuminate\\Container\\Util::unwrapIfClosure(Object(Closure))
#8 E:\\Do_An_Tot_Nghiep\\do_an_hieu\\vendor\\laravel\\framework\\src\\Illuminate\\Container\\BoundMethod.php(37): Illuminate\\Container\\BoundMethod::callBoundMethod(Object(Illuminate\\Foundation\\Application), Array, Object(Closure))
#9 E:\\Do_An_Tot_Nghiep\\do_an_hieu\\vendor\\laravel\\framework\\src\\Illuminate\\Container\\Container.php(590): Illuminate\\Container\\BoundMethod::call(Object(Illuminate\\Foundation\\Application), Array, Array, NULL)
#10 E:\\Do_An_Tot_Nghiep\\do_an_hieu\\vendor\\laravel\\framework\\src\\Illuminate\\Database\\Seeder.php(134): Illuminate\\Container\\Container->call(Array)
#11 E:\\Do_An_Tot_Nghiep\\do_an_hieu\\vendor\\laravel\\framework\\src\\Illuminate\\Database\\Console\\Seeds\\SeedCommand.php(63): Illuminate\\Database\\Seeder->__invoke()
#12 E:\\Do_An_Tot_Nghiep\\do_an_hieu\\vendor\\laravel\\framework\\src\\Illuminate\\Database\\Eloquent\\Concerns\\GuardsAttributes.php(129): Illuminate\\Database\\Console\\Seeds\\SeedCommand->Illuminate\\Database\\Console\\Seeds\\{closure}()
#13 E:\\Do_An_Tot_Nghiep\\do_an_hieu\\vendor\\laravel\\framework\\src\\Illuminate\\Database\\Console\\Seeds\\SeedCommand.php(64): Illuminate\\Database\\Eloquent\\Model::unguarded(Object(Closure))
#14 E:\\Do_An_Tot_Nghiep\\do_an_hieu\\vendor\\laravel\\framework\\src\\Illuminate\\Container\\BoundMethod.php(36): Illuminate\\Database\\Console\\Seeds\\SeedCommand->handle()
#15 E:\\Do_An_Tot_Nghiep\\do_an_hieu\\vendor\\laravel\\framework\\src\\Illuminate\\Container\\Util.php(37): Illuminate\\Container\\BoundMethod::Illuminate\\Container\\{closure}()
#16 E:\\Do_An_Tot_Nghiep\\do_an_hieu\\vendor\\laravel\\framework\\src\\Illuminate\\Container\\BoundMethod.php(93): Illuminate\\Container\\Util::unwrapIfClosure(Object(Closure))
#17 E:\\Do_An_Tot_Nghiep\\do_an_hieu\\vendor\\laravel\\framework\\src\\Illuminate\\Container\\BoundMethod.php(37): Illuminate\\Container\\BoundMethod::callBoundMethod(Object(Illuminate\\Foundation\\Application), Array, Object(Closure))
#18 E:\\Do_An_Tot_Nghiep\\do_an_hieu\\vendor\\laravel\\framework\\src\\Illuminate\\Container\\Container.php(590): Illuminate\\Container\\BoundMethod::call(Object(Illuminate\\Foundation\\Application), Array, Array, NULL)
#19 E:\\Do_An_Tot_Nghiep\\do_an_hieu\\vendor\\laravel\\framework\\src\\Illuminate\\Console\\Command.php(134): Illuminate\\Container\\Container->call(Array)
#20 E:\\Do_An_Tot_Nghiep\\do_an_hieu\\vendor\\symfony\\console\\Command\\Command.php(255): Illuminate\\Console\\Command->execute(Object(Symfony\\Component\\Console\\Input\\ArgvInput), Object(Illuminate\\Console\\OutputStyle))
#21 E:\\Do_An_Tot_Nghiep\\do_an_hieu\\vendor\\laravel\\framework\\src\\Illuminate\\Console\\Command.php(121): Symfony\\Component\\Console\\Command\\Command->run(Object(Symfony\\Component\\Console\\Input\\ArgvInput), Object(Illuminate\\Console\\OutputStyle))
#22 E:\\Do_An_Tot_Nghiep\\do_an_hieu\\vendor\\symfony\\console\\Application.php(1009): Illuminate\\Console\\Command->run(Object(Symfony\\Component\\Console\\Input\\ArgvInput), Object(Symfony\\Component\\Console\\Output\\ConsoleOutput))
#23 E:\\Do_An_Tot_Nghiep\\do_an_hieu\\vendor\\symfony\\console\\Application.php(273): Symfony\\Component\\Console\\Application->doRunCommand(Object(Illuminate\\Database\\Console\\Seeds\\SeedCommand), Object(Symfony\\Component\\Console\\Input\\ArgvInput), Object(Symfony\\Component\\Console\\Output\\ConsoleOutput))
#24 E:\\Do_An_Tot_Nghiep\\do_an_hieu\\vendor\\symfony\\console\\Application.php(149): Symfony\\Component\\Console\\Application->doRun(Object(Symfony\\Component\\Console\\Input\\ArgvInput), Object(Symfony\\Component\\Console\\Output\\ConsoleOutput))
#25 E:\\Do_An_Tot_Nghiep\\do_an_hieu\\vendor\\laravel\\framework\\src\\Illuminate\\Console\\Application.php(93): Symfony\\Component\\Console\\Application->run(Object(Symfony\\Component\\Console\\Input\\ArgvInput), Object(Symfony\\Component\\Console\\Output\\ConsoleOutput))
#26 E:\\Do_An_Tot_Nghiep\\do_an_hieu\\vendor\\laravel\\framework\\src\\Illuminate\\Foundation\\Console\\Kernel.php(131): Illuminate\\Console\\Application->run(Object(Symfony\\Component\\Console\\Input\\ArgvInput), Object(Symfony\\Component\\Console\\Output\\ConsoleOutput))
#27 E:\\Do_An_Tot_Nghiep\\do_an_hieu\\artisan(37): Illuminate\\Foundation\\Console\\Kernel->handle(Object(Symfony\\Component\\Console\\Input\\ArgvInput), Object(Symfony\\Component\\Console\\Output\\ConsoleOutput))
#28 {main}

[previous exception] [object] (PDOException(code: 23000): SQLSTATE[23000]: Integrity constraint violation: 1062 Duplicate entry 'vippr1239@gmail.com' for key 'admins_email_unique' at E:\\Do_An_Tot_Nghiep\\do_an_hieu\\vendor\\laravel\\framework\\src\\Illuminate\\Database\\Connection.php:463)
[stacktrace]
#0 E:\\Do_An_Tot_Nghiep\\do_an_hieu\\vendor\\laravel\\framework\\src\\Illuminate\\Database\\Connection.php(463): PDOStatement->execute()
#1 E:\\Do_An_Tot_Nghiep\\do_an_hieu\\vendor\\laravel\\framework\\src\\Illuminate\\Database\\Connection.php(662): Illuminate\\Database\\Connection->Illuminate\\Database\\{closure}('insert into `ad...', Array)
#2 E:\\Do_An_Tot_Nghiep\\do_an_hieu\\vendor\\laravel\\framework\\src\\Illuminate\\Database\\Connection.php(629): Illuminate\\Database\\Connection->runQueryCallback('insert into `ad...', Array, Object(Closure))
#3 E:\\Do_An_Tot_Nghiep\\do_an_hieu\\vendor\\laravel\\framework\\src\\Illuminate\\Database\\Connection.php(464): Illuminate\\Database\\Connection->run('insert into `ad...', Array, Object(Closure))
#4 E:\\Do_An_Tot_Nghiep\\do_an_hieu\\vendor\\laravel\\framework\\src\\Illuminate\\Database\\Connection.php(416): Illuminate\\Database\\Connection->statement('insert into `ad...', Array)
#5 E:\\Do_An_Tot_Nghiep\\do_an_hieu\\vendor\\laravel\\framework\\src\\Illuminate\\Database\\Query\\Builder.php(2661): Illuminate\\Database\\Connection->insert('insert into `ad...', Array)
#6 E:\\Do_An_Tot_Nghiep\\do_an_hieu\\database\\seeds\\DatabaseSeeder.php(19): Illuminate\\Database\\Query\\Builder->insert(Array)
#7 E:\\Do_An_Tot_Nghiep\\do_an_hieu\\vendor\\laravel\\framework\\src\\Illuminate\\Container\\BoundMethod.php(36): DatabaseSeeder->run()
#8 E:\\Do_An_Tot_Nghiep\\do_an_hieu\\vendor\\laravel\\framework\\src\\Illuminate\\Container\\Util.php(37): Illuminate\\Container\\BoundMethod::Illuminate\\Container\\{closure}()
#9 E:\\Do_An_Tot_Nghiep\\do_an_hieu\\vendor\\laravel\\framework\\src\\Illuminate\\Container\\BoundMethod.php(93): Illuminate\\Container\\Util::unwrapIfClosure(Object(Closure))
#10 E:\\Do_An_Tot_Nghiep\\do_an_hieu\\vendor\\laravel\\framework\\src\\Illuminate\\Container\\BoundMethod.php(37): Illuminate\\Container\\BoundMethod::callBoundMethod(Object(Illuminate\\Foundation\\Application), Array, Object(Closure))
#11 E:\\Do_An_Tot_Nghiep\\do_an_hieu\\vendor\\laravel\\framework\\src\\Illuminate\\Container\\Container.php(590): Illuminate\\Container\\BoundMethod::call(Object(Illuminate\\Foundation\\Application), Array, Array, NULL)
#12 E:\\Do_An_Tot_Nghiep\\do_an_hieu\\vendor\\laravel\\framework\\src\\Illuminate\\Database\\Seeder.php(134): Illuminate\\Container\\Container->call(Array)
#13 E:\\Do_An_Tot_Nghiep\\do_an_hieu\\vendor\\laravel\\framework\\src\\Illuminate\\Database\\Console\\Seeds\\SeedCommand.php(63): Illuminate\\Database\\Seeder->__invoke()
#14 E:\\Do_An_Tot_Nghiep\\do_an_hieu\\vendor\\laravel\\framework\\src\\Illuminate\\Database\\Eloquent\\Concerns\\GuardsAttributes.php(129): Illuminate\\Database\\Console\\Seeds\\SeedCommand->Illuminate\\Database\\Console\\Seeds\\{closure}()
#15 E:\\Do_An_Tot_Nghiep\\do_an_hieu\\vendor\\laravel\\framework\\src\\Illuminate\\Database\\Console\\Seeds\\SeedCommand.php(64): Illuminate\\Database\\Eloquent\\Model::unguarded(Object(Closure))
#16 E:\\Do_An_Tot_Nghiep\\do_an_hieu\\vendor\\laravel\\framework\\src\\Illuminate\\Container\\BoundMethod.php(36): Illuminate\\Database\\Console\\Seeds\\SeedCommand->handle()
#17 E:\\Do_An_Tot_Nghiep\\do_an_hieu\\vendor\\laravel\\framework\\src\\Illuminate\\Container\\Util.php(37): Illuminate\\Container\\BoundMethod::Illuminate\\Container\\{closure}()
#18 E:\\Do_An_Tot_Nghiep\\do_an_hieu\\vendor\\laravel\\framework\\src\\Illuminate\\Container\\BoundMethod.php(93): Illuminate\\Container\\Util::unwrapIfClosure(Object(Closure))
#19 E:\\Do_An_Tot_Nghiep\\do_an_hieu\\vendor\\laravel\\framework\\src\\Illuminate\\Container\\BoundMethod.php(37): Illuminate\\Container\\BoundMethod::callBoundMethod(Object(Illuminate\\Foundation\\Application), Array, Object(Closure))
#20 E:\\Do_An_Tot_Nghiep\\do_an_hieu\\vendor\\laravel\\framework\\src\\Illuminate\\Container\\Container.php(590): Illuminate\\Container\\BoundMethod::call(Object(Illuminate\\Foundation\\Application), Array, Array, NULL)
#21 E:\\Do_An_Tot_Nghiep\\do_an_hieu\\vendor\\laravel\\framework\\src\\Illuminate\\Console\\Command.php(134): Illuminate\\Container\\Container->call(Array)
#22 E:\\Do_An_Tot_Nghiep\\do_an_hieu\\vendor\\symfony\\console\\Command\\Command.php(255): Illuminate\\Console\\Command->execute(Object(Symfony\\Component\\Console\\Input\\ArgvInput), Object(Illuminate\\Console\\OutputStyle))
#23 E:\\Do_An_Tot_Nghiep\\do_an_hieu\\vendor\\laravel\\framework\\src\\Illuminate\\Console\\Command.php(121): Symfony\\Component\\Console\\Command\\Command->run(Object(Symfony\\Component\\Console\\Input\\ArgvInput), Object(Illuminate\\Console\\OutputStyle))
#24 E:\\Do_An_Tot_Nghiep\\do_an_hieu\\vendor\\symfony\\console\\Application.php(1009): Illuminate\\Console\\Command->run(Object(Symfony\\Component\\Console\\Input\\ArgvInput), Object(Symfony\\Component\\Console\\Output\\ConsoleOutput))
#25 E:\\Do_An_Tot_Nghiep\\do_an_hieu\\vendor\\symfony\\console\\Application.php(273): Symfony\\Component\\Console\\Application->doRunCommand(Object(Illuminate\\Database\\Console\\Seeds\\SeedCommand), Object(Symfony\\Component\\Console\\Input\\ArgvInput), Object(Symfony\\Component\\Console\\Output\\ConsoleOutput))
#26 E:\\Do_An_Tot_Nghiep\\do_an_hieu\\vendor\\symfony\\console\\Application.php(149): Symfony\\Component\\Console\\Application->doRun(Object(Symfony\\Component\\Console\\Input\\ArgvInput), Object(Symfony\\Component\\Console\\Output\\ConsoleOutput))
#27 E:\\Do_An_Tot_Nghiep\\do_an_hieu\\vendor\\laravel\\framework\\src\\Illuminate\\Console\\Application.php(93): Symfony\\Component\\Console\\Application->run(Object(Symfony\\Component\\Console\\Input\\ArgvInput), Object(Symfony\\Component\\Console\\Output\\ConsoleOutput))
#28 E:\\Do_An_Tot_Nghiep\\do_an_hieu\\vendor\\laravel\\framework\\src\\Illuminate\\Foundation\\Console\\Kernel.php(131): Illuminate\\Console\\Application->run(Object(Symfony\\Component\\Console\\Input\\ArgvInput), Object(Symfony\\Component\\Console\\Output\\ConsoleOutput))
#29 E:\\Do_An_Tot_Nghiep\\do_an_hieu\\artisan(37): Illuminate\\Foundation\\Console\\Kernel->handle(Object(Symfony\\Component\\Console\\Input\\ArgvInput), Object(Symfony\\Component\\Console\\Output\\ConsoleOutput))
#30 {main}
"} 
[2023-02-02 01:14:18] local.ERROR:  {"url":"http://127.0.0.1:8000/images/book-icon-4.png","input":[]} 
[2023-02-02 01:14:30] local.ERROR:  {"url":"http://127.0.0.1:8000/account/[object%20CSS]","input":[]} 
[2023-02-02 01:14:32] local.ERROR: The given data was invalid. {"url":"http://127.0.0.1:8000/account/login","input":{"_token":"JvGwPyH0Wfx6UOuGysDeLEeb5QAzi4iAfsKklhPv","email":null,"password":null}} 
[2023-02-02 01:14:33] local.ERROR:  {"url":"http://127.0.0.1:8000/account/[object%20CSS]","input":[]} 
[2023-02-02 20:26:17] local.ERROR:  {"url":"http://127.0.0.1:8000/account/[object%20CSS]","input":[]} 
[2023-02-02 20:26:18] local.ERROR: The given data was invalid. {"url":"http://127.0.0.1:8000/account/login","input":{"_token":"XdKUhxPs2MGO5xPj469czvi5IIJtlFI3P8E1NCly","email":null,"password":null}} 
[2023-02-02 20:26:19] local.ERROR:  {"url":"http://127.0.0.1:8000/account/[object%20CSS]","input":[]} 
[2023-02-02 20:26:20] local.ERROR:  {"url":"http://127.0.0.1:8000/account/[object%20CSS]","input":[]} 
[2023-02-02 20:26:22] local.ERROR:  {"url":"http://127.0.0.1:8000/account/[object%20CSS]","input":[]} 
[2023-02-02 20:26:23] local.ERROR:  {"url":"http://127.0.0.1:8000/account/[object%20CSS]","input":[]} 
[2023-02-02 20:26:26] local.ERROR:  {"url":"http://127.0.0.1:8000/account/[object%20CSS]","input":[]} 
[2023-02-02 20:26:28] local.ERROR:  {"url":"http://127.0.0.1:8000/account/[object%20CSS]","input":[]} 
[2023-02-02 20:26:30] local.ERROR:  {"url":"http://127.0.0.1:8000/account/[object%20CSS]","input":[]} 
[2023-02-02 20:26:31] local.ERROR: The given data was invalid. {"url":"http://127.0.0.1:8000/account/login","input":{"_token":"XdKUhxPs2MGO5xPj469czvi5IIJtlFI3P8E1NCly","email":null,"password":null}} 
[2023-02-02 20:26:32] local.ERROR:  {"url":"http://127.0.0.1:8000/account/[object%20CSS]","input":[]} 
[2023-02-02 20:26:34] local.ERROR:  {"url":"http://127.0.0.1:8000/account/[object%20CSS]","input":[]} 
[2023-02-02 20:26:35] local.ERROR:  {"url":"http://127.0.0.1:8000/account/[object%20CSS]","input":[]} 
[2023-02-02 20:26:37] local.ERROR:  {"url":"http://127.0.0.1:8000/account/[object%20CSS]","input":[]} 
[2023-02-02 20:26:38] local.ERROR:  {"url":"http://127.0.0.1:8000/account/[object%20CSS]","input":[]} 
[2023-02-02 20:26:40] local.ERROR:  {"url":"http://127.0.0.1:8000/account/[object%20CSS]","input":[]} 
[2023-02-02 20:26:41] local.ERROR: The given data was invalid. {"url":"http://127.0.0.1:8000/account/login","input":{"_token":"XdKUhxPs2MGO5xPj469czvi5IIJtlFI3P8E1NCly","email":null,"password":null}} 
[2023-02-02 20:26:41] local.ERROR:  {"url":"http://127.0.0.1:8000/account/[object%20CSS]","input":[]} 
[2023-02-02 20:27:01] local.ERROR:  {"url":"http://127.0.0.1:8000/account/[object%20CSS]","input":[]} 
[2023-02-02 20:27:02] local.ERROR:  {"url":"http://127.0.0.1:8000/account/[object%20CSS]","input":[]} 
[2023-02-02 20:30:13] local.ERROR:  {"url":"http://127.0.0.1:8000/account/[object%20CSS]","input":[]} 
[2023-02-02 20:30:14] local.ERROR: The given data was invalid. {"url":"http://127.0.0.1:8000/account/login","input":{"_token":"XdKUhxPs2MGO5xPj469czvi5IIJtlFI3P8E1NCly","email":null,"password":null}} 
[2023-02-02 20:30:15] local.ERROR:  {"url":"http://127.0.0.1:8000/account/[object%20CSS]","input":[]} 
[2023-02-02 20:30:37] local.ERROR:  {"url":"http://127.0.0.1:8000/account/[object%20CSS]","input":[]} 
[2023-02-02 20:30:45] local.ERROR:  {"url":"http://127.0.0.1:8000/account/[object%20CSS]","input":[]} 
[2023-02-02 20:44:29] local.ERROR:  {"url":"http://127.0.0.1:8000/account/[object%20CSS]","input":[]} 
[2023-02-02 20:44:35] local.ERROR:  {"url":"http://127.0.0.1:8000/account/[object%20CSS]","input":[]} 
[2023-02-02 20:44:37] local.ERROR:  {"url":"http://127.0.0.1:8000/account/[object%20CSS]","input":[]} 
[2023-02-02 20:44:40] local.ERROR:  {"url":"http://127.0.0.1:8000/account/[object%20CSS]","input":[]} 
[2023-02-02 20:44:42] local.ERROR:  {"url":"http://127.0.0.1:8000/account/[object%20CSS]","input":[]} 
[2023-02-02 20:44:44] local.ERROR:  {"url":"http://127.0.0.1:8000/account/[object%20CSS]","input":[]} 
[2023-02-02 20:44:45] local.ERROR:  {"url":"http://127.0.0.1:8000/account/[object%20CSS]","input":[]} 
[2023-02-02 20:44:52] local.ERROR: The given data was invalid. {"url":"http://127.0.0.1:8000/account/login","input":{"_token":"XdKUhxPs2MGO5xPj469czvi5IIJtlFI3P8E1NCly","email":null,"password":null}} 
[2023-02-02 20:44:52] local.ERROR:  {"url":"http://127.0.0.1:8000/account/[object%20CSS]","input":[]} 
[2023-02-02 20:45:01] local.ERROR: The given data was invalid. {"url":"http://127.0.0.1:8000/account/login","input":{"_token":"XdKUhxPs2MGO5xPj469czvi5IIJtlFI3P8E1NCly","email":null,"password":null}} 
[2023-02-02 20:45:02] local.ERROR:  {"url":"http://127.0.0.1:8000/account/[object%20CSS]","input":[]} 
[2023-02-02 20:45:02] local.ERROR: The given data was invalid. {"url":"http://127.0.0.1:8000/account/login","input":{"_token":"XdKUhxPs2MGO5xPj469czvi5IIJtlFI3P8E1NCly","email":null,"password":null}} 
[2023-02-02 20:45:03] local.ERROR:  {"url":"http://127.0.0.1:8000/account/[object%20CSS]","input":[]} 
[2023-02-02 20:45:04] local.ERROR:  {"url":"http://127.0.0.1:8000/account/[object%20CSS]","input":[]} 
[2023-02-02 20:45:06] local.ERROR:  {"url":"http://127.0.0.1:8000/account/[object%20CSS]","input":[]} 
[2023-02-02 20:45:08] local.ERROR: The given data was invalid. {"url":"http://127.0.0.1:8000/account/login","input":{"_token":"XdKUhxPs2MGO5xPj469czvi5IIJtlFI3P8E1NCly","email":null,"password":null}} 
[2023-02-02 20:45:08] local.ERROR:  {"url":"http://127.0.0.1:8000/account/[object%20CSS]","input":[]} 
[2023-02-02 20:45:09] local.ERROR: The given data was invalid. {"url":"http://127.0.0.1:8000/account/login","input":{"_token":"XdKUhxPs2MGO5xPj469czvi5IIJtlFI3P8E1NCly","email":null,"password":null}} 
[2023-02-02 20:45:10] local.ERROR:  {"url":"http://127.0.0.1:8000/account/[object%20CSS]","input":[]} 
[2023-02-02 20:45:11] local.ERROR: The given data was invalid. {"url":"http://127.0.0.1:8000/account/login","input":{"_token":"XdKUhxPs2MGO5xPj469czvi5IIJtlFI3P8E1NCly","email":null,"password":null}} 
[2023-02-02 20:45:12] local.ERROR:  {"url":"http://127.0.0.1:8000/account/[object%20CSS]","input":[]} 
[2023-02-02 20:45:37] local.ERROR:  {"url":"http://127.0.0.1:8000/account/[object%20CSS]","input":[]} 
[2023-02-02 20:46:32] local.ERROR: The given data was invalid. {"url":"http://127.0.0.1:8000/account/register","input":{"_token":"XdKUhxPs2MGO5xPj469czvi5IIJtlFI3P8E1NCly","name":"devquen1","email":"vippr1239@gmail.com","password":"12345678","phone":"2342394324"}} 
[2023-02-02 20:46:32] local.ERROR:  {"url":"http://127.0.0.1:8000/account/[object%20CSS]","input":[]} 
[2023-02-02 20:46:43] local.ERROR: The given data was invalid. {"url":"http://127.0.0.1:8000/account/register","input":{"_token":"XdKUhxPs2MGO5xPj469czvi5IIJtlFI3P8E1NCly","name":"devquen1","email":"coangha21@gmail.com","password":null,"phone":"2342394324"}} 
[2023-02-02 20:46:44] local.ERROR:  {"url":"http://127.0.0.1:8000/account/[object%20CSS]","input":[]} 
[2023-02-02 20:46:53] local.ERROR: CSRF token mismatch. {"url":"http://127.0.0.1:8000/account/register","input":{"_token":"XdKUhxPs2MGO5xPj469czvi5IIJtlFI3P8E1NCly","name":"devquen1","email":"coangha21@gmail.com","password":"12345678","phone":"2342394324"}} 
[2023-02-02 20:46:59] local.ERROR:  {"url":"http://127.0.0.1:8000/account/[object%20CSS]","input":[]} 
[2023-02-02 20:48:58] local.ERROR: CSRF token mismatch. {"url":"http://127.0.0.1:8000/account/register","input":{"_token":"XdKUhxPs2MGO5xPj469czvi5IIJtlFI3P8E1NCly","name":"devquen1","email":"coangha21@gmail.com","password":"12345678","phone":"2342394324"}} 
[2023-02-02 20:49:02] local.ERROR:  {"url":"http://127.0.0.1:8000/account/[object%20CSS]","input":[]} 
[2023-02-02 20:49:25] local.ERROR: CSRF token mismatch. {"url":"http://127.0.0.1:8000/account/register","input":{"_token":"XdKUhxPs2MGO5xPj469czvi5IIJtlFI3P8E1NCly","name":"devquen1","email":"hieu016286@gmail.com","password":"12345678","phone":"2342394324"}} 
[2023-02-02 20:49:27] local.ERROR:  {"url":"http://127.0.0.1:8000/account/[object%20CSS]","input":[]} 
[2023-02-02 20:49:39] local.ERROR:  {"url":"http://127.0.0.1:8000/account/[object%20CSS]","input":[]} 
[2023-02-02 20:49:46] local.ERROR:  {"url":"http://127.0.0.1:8000/account/[object%20CSS]","input":[]} 
[2023-02-02 20:50:21] local.ERROR: The given data was invalid. {"url":"http://127.0.0.1:8000/account/register","input":{"_token":"Ttkcm5rJL0b60Lko5sWc5xztP7C5zP3RGnndl37A","name":"devquen1","email":"coangha21@gmail.com","password":"coangha21","phone":"34242344"}} 
[2023-02-02 20:50:22] local.ERROR:  {"url":"http://127.0.0.1:8000/account/[object%20CSS]","input":[]} 
[2023-02-02 20:52:20] local.ERROR:  {"url":"http://127.0.0.1:8000/account/[object%20CSS]","input":[]} 
[2023-02-02 20:52:23] local.ERROR:  {"url":"http://127.0.0.1:8000/account/[object%20CSS]","input":[]} 
[2023-02-02 20:53:38] local.ERROR:  {"url":"http://127.0.0.1:8000/account/[object%20CSS]","input":[]} 
[2023-02-02 20:53:51] local.ERROR:  {"url":"http://127.0.0.1:8000/account/[object%20CSS]","input":[]} 
[2023-02-02 20:57:44] local.ERROR: The given data was invalid. {"url":"http://127.0.0.1:8000/api-admin/invoice_entered/create","input":{"_token":"Ttkcm5rJL0b60Lko5sWc5xztP7C5zP3RGnndl37A","ie_suppliere":"8","ie_product_id":"28","ie_number":"1","ie_money":"0","nsx":null,"hsd":null,"ie_the_advance":"0"}} 
